92921c305856
MongoURL = "mongodb://217.72.203.152:27037" and Database = sensor_data
2026-03-27 20:55 App listens on port 3005, Mongo at 217.72.203.152
/opt/app/node_modules/mongodb/lib/cmap/connection.js:462
                    callback(new error_1.MongoServerError(document));
                             ^

MongoServerError: Command find requires authentication
    at MessageStream.messageHandler (/opt/app/node_modules/mongodb/lib/cmap/connection.js:462:30)
    at MessageStream.emit (node:events:508:28)
    at processIncomingData (/opt/app/node_modules/mongodb/lib/cmap/message_stream.js:108:16)
    at MessageStream._write (/opt/app/node_modules/mongodb/lib/cmap/message_stream.js:28:9)
    at writeOrBuffer (node:internal/streams/writable:570:12)
    at _write (node:internal/streams/writable:499:10)
    at Writable.write (node:internal/streams/writable:508:10)
    at Socket.ondata (node:internal/streams/readable:1008:24)
    at Socket.emit (node:events:508:28)
    at addChunk (node:internal/streams/readable:559:12) {
  ok: 0,
  code: 13,
  codeName: 'Unauthorized'
}

Node.js v25.2.1
92921c305856
MongoURL = "mongodb://217.72.203.152:27037" and Database = sensor_data
2026-03-27 20:55 App listens on port 3005, Mongo at 217.72.203.152
/opt/app/node_modules/mongodb/lib/cmap/connection.js:462
                    callback(new error_1.MongoServerError(document));
                             ^

MongoServerError: Command find requires authentication
    at MessageStream.messageHandler (/opt/app/node_modules/mongodb/lib/cmap/connection.js:462:30)
    at MessageStream.emit (node:events:508:28)
    at processIncomingData (/opt/app/node_modules/mongodb/lib/cmap/message_stream.js:108:16)
    at MessageStream._write (/opt/app/node_modules/mongodb/lib/cmap/message_stream.js:28:9)
    at writeOrBuffer (node:internal/streams/writable:570:12)
    at _write (node:internal/streams/writable:499:10)
    at Writable.write (node:internal/streams/writable:508:10)
    at Socket.ondata (node:internal/streams/readable:1008:24)
    at Socket.emit (node:events:508:28)
    at addChunk (node:internal/streams/readable:559:12) {
  ok: 0,
  code: 13,
  codeName: 'Unauthorized'
}

Node.js v25.2.1
92921c305856
MongoURL = "mongodb://217.72.203.152:27037" and Database = sensor_data
2026-03-27 20:55 App listens on port 3005, Mongo at 217.72.203.152
/opt/app/node_modules/mongodb/lib/cmap/connection.js:462
                    callback(new error_1.MongoServerError(document));
                             ^

MongoServerError: Command find requires authentication
    at MessageStream.messageHandler (/opt/app/node_modules/mongodb/lib/cmap/connection.js:462:30)
    at MessageStream.emit (node:events:508:28)
    at processIncomingData (/opt/app/node_modules/mongodb/lib/cmap/message_stream.js:108:16)
    at MessageStream._write (/opt/app/node_modules/mongodb/lib/cmap/message_stream.js:28:9)
    at writeOrBuffer (node:internal/streams/writable:570:12)
    at _write (node:internal/streams/writable:499:10)
    at Writable.write (node:internal/streams/writable:508:10)
    at Socket.ondata (node:internal/streams/readable:1008:24)
    at Socket.emit (node:events:508:28)
    at addChunk (node:internal/streams/readable:559:12) {
  ok: 0,
  code: 13,
  codeName: 'Unauthorized'
}

Node.js v25.2.1
92921c305856
MongoURL = "mongodb://217.72.203.152:27037" and Database = sensor_data
2026-03-27 20:55 App listens on port 3005, Mongo at 217.72.203.152
/opt/app/node_modules/mongodb/lib/cmap/connection.js:462
                    callback(new error_1.MongoServerError(document));
                             ^

MongoServerError: Command find requires authentication
    at MessageStream.messageHandler (/opt/app/node_modules/mongodb/lib/cmap/connection.js:462:30)
    at MessageStream.emit (node:events:508:28)
    at processIncomingData (/opt/app/node_modules/mongodb/lib/cmap/message_stream.js:108:16)
    at MessageStream._write (/opt/app/node_modules/mongodb/lib/cmap/message_stream.js:28:9)
    at writeOrBuffer (node:internal/streams/writable:570:12)
    at _write (node:internal/streams/writable:499:10)
    at Writable.write (node:internal/streams/writable:508:10)
    at Socket.ondata (node:internal/streams/readable:1008:24)
    at Socket.emit (node:events:508:28)
    at addChunk (node:internal/streams/readable:559:12) {
  ok: 0,
  code: 13,
  codeName: 'Unauthorized'
}

Node.js v25.2.1
92921c305856
MongoURL = "mongodb://217.72.203.152:27037" and Database = sensor_data
2026-03-27 20:55 App listens on port 3005, Mongo at 217.72.203.152
/opt/app/node_modules/mongodb/lib/cmap/connection.js:462
                    callback(new error_1.MongoServerError(document));
                             ^

MongoServerError: Command find requires authentication
    at MessageStream.messageHandler (/opt/app/node_modules/mongodb/lib/cmap/connection.js:462:30)
    at MessageStream.emit (node:events:508:28)
    at processIncomingData (/opt/app/node_modules/mongodb/lib/cmap/message_stream.js:108:16)
    at MessageStream._write (/opt/app/node_modules/mongodb/lib/cmap/message_stream.js:28:9)
    at writeOrBuffer (node:internal/streams/writable:570:12)
    at _write (node:internal/streams/writable:499:10)
    at Writable.write (node:internal/streams/writable:508:10)
    at Socket.ondata (node:internal/streams/readable:1008:24)
    at Socket.emit (node:events:508:28)
    at addChunk (node:internal/streams/readable:559:12) {
  ok: 0,
  code: 13,
  codeName: 'Unauthorized'
}

Node.js v25.2.1
92921c305856
MongoURL = "mongodb://217.72.203.152:27037" and Database = sensor_data
2026-03-27 20:55 App listens on port 3005, Mongo at 217.72.203.152
/opt/app/node_modules/mongodb/lib/cmap/connection.js:462
                    callback(new error_1.MongoServerError(document));
                             ^

MongoServerError: Command find requires authentication
    at MessageStream.messageHandler (/opt/app/node_modules/mongodb/lib/cmap/connection.js:462:30)
    at MessageStream.emit (node:events:508:28)
    at processIncomingData (/opt/app/node_modules/mongodb/lib/cmap/message_stream.js:108:16)
    at MessageStream._write (/opt/app/node_modules/mongodb/lib/cmap/message_stream.js:28:9)
    at writeOrBuffer (node:internal/streams/writable:570:12)
    at _write (node:internal/streams/writable:499:10)
    at Writable.write (node:internal/streams/writable:508:10)
    at Socket.ondata (node:internal/streams/readable:1008:24)
    at Socket.emit (node:events:508:28)
    at addChunk (node:internal/streams/readable:559:12) {
  ok: 0,
  code: 13,
  codeName: 'Unauthorized'
}

Node.js v25.2.1
92921c305856
MongoURL = "mongodb://217.72.203.152:27037" and Database = sensor_data
2026-03-27 20:56 App listens on port 3005, Mongo at 217.72.203.152
/opt/app/node_modules/mongodb/lib/cmap/connection.js:462
                    callback(new error_1.MongoServerError(document));
                             ^

MongoServerError: Command find requires authentication
    at MessageStream.messageHandler (/opt/app/node_modules/mongodb/lib/cmap/connection.js:462:30)
    at MessageStream.emit (node:events:508:28)
    at processIncomingData (/opt/app/node_modules/mongodb/lib/cmap/message_stream.js:108:16)
    at MessageStream._write (/opt/app/node_modules/mongodb/lib/cmap/message_stream.js:28:9)
    at writeOrBuffer (node:internal/streams/writable:570:12)
    at _write (node:internal/streams/writable:499:10)
    at Writable.write (node:internal/streams/writable:508:10)
    at Socket.ondata (node:internal/streams/readable:1008:24)
    at Socket.emit (node:events:508:28)
    at addChunk (node:internal/streams/readable:559:12) {
  ok: 0,
  code: 13,
  codeName: 'Unauthorized'
}

Node.js v25.2.1
92921c305856
MongoURL = "mongodb://217.72.203.152:27037" and Database = sensor_data
2026-03-27 20:56 App listens on port 3005, Mongo at 217.72.203.152
/opt/app/node_modules/mongodb/lib/cmap/connection.js:462
                    callback(new error_1.MongoServerError(document));
                             ^

MongoServerError: Command find requires authentication
    at MessageStream.messageHandler (/opt/app/node_modules/mongodb/lib/cmap/connection.js:462:30)
    at MessageStream.emit (node:events:508:28)
    at processIncomingData (/opt/app/node_modules/mongodb/lib/cmap/message_stream.js:108:16)
    at MessageStream._write (/opt/app/node_modules/mongodb/lib/cmap/message_stream.js:28:9)
    at writeOrBuffer (node:internal/streams/writable:570:12)
    at _write (node:internal/streams/writable:499:10)
    at Writable.write (node:internal/streams/writable:508:10)
    at Socket.ondata (node:internal/streams/readable:1008:24)
    at Socket.emit (node:events:508:28)
    at addChunk (node:internal/streams/readable:559:12) {
  ok: 0,
  code: 13,
  codeName: 'Unauthorized'
}

Node.js v25.2.1
92921c305856
MongoURL = "mongodb://217.72.203.152:27037" and Database = sensor_data
2026-03-27 20:56 App listens on port 3005, Mongo at 217.72.203.152
/opt/app/node_modules/mongodb/lib/cmap/connection.js:462
                    callback(new error_1.MongoServerError(document));
                             ^

MongoServerError: Command find requires authentication
    at MessageStream.messageHandler (/opt/app/node_modules/mongodb/lib/cmap/connection.js:462:30)
    at MessageStream.emit (node:events:508:28)
    at processIncomingData (/opt/app/node_modules/mongodb/lib/cmap/message_stream.js:108:16)
    at MessageStream._write (/opt/app/node_modules/mongodb/lib/cmap/message_stream.js:28:9)
    at writeOrBuffer (node:internal/streams/writable:570:12)
    at _write (node:internal/streams/writable:499:10)
    at Writable.write (node:internal/streams/writable:508:10)
    at Socket.ondata (node:internal/streams/readable:1008:24)
    at Socket.emit (node:events:508:28)
    at addChunk (node:internal/streams/readable:559:12) {
  ok: 0,
  code: 13,
  codeName: 'Unauthorized'
}

Node.js v25.2.1
92921c305856
MongoURL = "mongodb://217.72.203.152:27037" and Database = sensor_data
2026-03-27 20:57 App listens on port 3005, Mongo at 217.72.203.152
/opt/app/node_modules/mongodb/lib/cmap/connection.js:462
                    callback(new error_1.MongoServerError(document));
                             ^

MongoServerError: Command find requires authentication
    at MessageStream.messageHandler (/opt/app/node_modules/mongodb/lib/cmap/connection.js:462:30)
    at MessageStream.emit (node:events:508:28)
    at processIncomingData (/opt/app/node_modules/mongodb/lib/cmap/message_stream.js:108:16)
    at MessageStream._write (/opt/app/node_modules/mongodb/lib/cmap/message_stream.js:28:9)
    at writeOrBuffer (node:internal/streams/writable:570:12)
    at _write (node:internal/streams/writable:499:10)
    at Writable.write (node:internal/streams/writable:508:10)
    at Socket.ondata (node:internal/streams/readable:1008:24)
    at Socket.emit (node:events:508:28)
    at addChunk (node:internal/streams/readable:559:12) {
  ok: 0,
  code: 13,
  codeName: 'Unauthorized'
}

Node.js v25.2.1
50b81c5b3ae2
MongoURL = "mongodb://admin:mongo4noise@217.72.203.152:27037/?authSource=admin" and Database = sensor_data
2026-03-27 20:57 App listens on port 3005, Mongo at 217.72.203.152
e2ca2e9d0190
MongoURL = "mongodb://admin:mongo4noise@217.72.203.152:27037/?authSource=admin" and Database = sensor_data
2026-03-27 21:00 App listens on port 3005, Mongo at 217.72.203.152
getaktdata: now fetching data from DB
getaktdata: data fetched, length= 108
getaktdata: now fetching data from DB
getaktdata: data fetched, length= 108
getaktdata: now fetching data from DB
getaktdata: data fetched, length= 108
getaktdata: now fetching data from DB
getaktdata: data fetched, length= 108
getaktdata: now fetching data from DB
getaktdata: data fetched, length= 108
getaktdata: now fetching data from DB
getaktdata: data fetched, length= 108
2026-03-27T21:04:36+01:00    /api/getaddress?sensorid=69441    unKnown
(node:19) Warning: Setting the NODE_TLS_REJECT_UNAUTHORIZED environment variable to '0' makes TLS connections and HTTPS requests insecure by disabling certificate verification.
(Use `node --trace-warnings ...` to show where the warning was created)
Get properties for 69441 from DB
got properties - time: 25
Operating System = Macintosh
Get properties for 69441 from DB
got properties - time: 25
Operating System = Macintosh
Get properties for 69441 from DB
got properties - time: 20
e2ca2e9d0190
MongoURL = "mongodb://admin:mongo4noise@217.72.203.152:27037/?authSource=admin" and Database = sensor_data
2026-03-27 21:57 App listens on port 3005, Mongo at 217.72.203.152
getaktdata: now fetching data from DB
getaktdata: data fetched, length= 108
2026-03-27T21:57:51+01:00    /api/getaddress?sensorid=38695    unKnown
(node:19) Warning: Setting the NODE_TLS_REJECT_UNAUTHORIZED environment variable to '0' makes TLS connections and HTTPS requests insecure by disabling certificate verification.
(Use `node --trace-warnings ...` to show where the warning was created)
Get properties for 38695 from DB
got properties - time: 22
Operating System = Macintosh
Get properties for 38695 from DB
got properties - time: 19
Operating System = Macintosh
Get properties for 38695 from DB
got properties - time: 19
668cd3a93a18
MongoURL = "mongodb://admin:mongo4noise@217.72.203.152:27037/?authSource=admin" and Database = sensor_data
2026-03-27 22:14 App listens on port 3005, Mongo at 217.72.203.152
getaktdata: now fetching data from DB
getaktdata: data fetched, length= 108
9a20d796aeb0
MongoURL = "mongodb://admin:mongo4noise@217.72.203.152:27037/?authSource=admin" and Database = sensor_data
2026-03-27 22:15 App listens on port 3005, Mongo at 217.72.203.152
a250e82c9c85
MongoURL = "mongodb://admin:mongo4noise@217.72.203.152:27037/?authSource=admin" and Database = sensor_data
2026-03-27 22:16 App listens on port 3005, Mongo at 217.72.203.152
getaktdata: now fetching data from DB
getaktdata: data fetched, length= 108
getaktdata: now fetching data from DB
getaktdata: data fetched, length= 108
getaktdata: now fetching data from DB
getaktdata: data fetched, length= 108
getaktdata: now fetching data from DB
getaktdata: data fetched, length= 108
getaktdata: now fetching data from DB
getaktdata: data fetched, length= 108
getaktdata: now fetching data from DB
getaktdata: data fetched, length= 108
getaktdata: now fetching data from DB
getaktdata: data fetched, length= 108
getaktdata: now fetching data from DB
getaktdata: data fetched, length= 108
getaktdata: now fetching data from DB
getaktdata: data fetched, length= 108
1619bdaeee6c
2026-03-28 12:21 App listens on port 3005, Mongo at 217.72.203.152
1619bdaeee6c
2026-03-28 12:22 App listens on port 3005, Mongo at 217.72.203.152
97af434d0a4c
2026-03-28 12:24 App listens on port 3005, Mongo at 217.72.203.152
getaktdata: now fetching data from DB
getaktdata: data fetched, length= 0
getaktdata: now fetching data from DB
getaktdata: data fetched, length= 0
getaktdata: now fetching data from DB
getaktdata: data fetched, length= 0
getaktdata: now fetching data from DB
getaktdata: data fetched, length= 0
getaktdata: now fetching data from DB
getaktdata: data fetched, length= 0
97af434d0a4c
2026-03-28 12:31 App listens on port 3005, Mongo at 217.72.203.152
getaktdata: now fetching data from DB
getaktdata: data fetched, length= 0
getaktdata: now fetching data from DB
getaktdata: data fetched, length= 0
e68353ece841
MongoURL = "mongodb://localhost:27017" and Database = allsensors
MongoServerSelectionError
    at Timeout._onTimeout (/opt/app/node_modules/mongodb/lib/sdam/topology.js:312:38)
    at listOnTimeout (node:internal/timers:605:17)
    at process.processTimers (node:internal/timers:541:7) {
  reason: TopologyDescription {
    type: 'Unknown',
    servers: Map(1) { 'localhost:27017' => [ServerDescription] },
    stale: false,
    compatible: true,
    heartbeatFrequencyMS: 10000,
    localThresholdMS: 15,
    logicalSessionTimeoutMinutes: undefined
  },
  code: undefined
}
e68353ece841
MongoURL = "mongodb://localhost:27017" and Database = allsensors
90461f515b56
MongoURL = "mongodb://localhost:27017" and Database = allsensors
MongoServerSelectionError
    at Timeout._onTimeout (/opt/app/node_modules/mongodb/lib/sdam/topology.js:312:38)
    at listOnTimeout (node:internal/timers:605:17)
    at process.processTimers (node:internal/timers:541:7) {
  reason: TopologyDescription {
    type: 'Unknown',
    servers: Map(1) { 'localhost:27017' => [ServerDescription] },
    stale: false,
    compatible: true,
    heartbeatFrequencyMS: 10000,
    localThresholdMS: 15,
    logicalSessionTimeoutMinutes: undefined
  },
  code: undefined
}
90461f515b56
MongoURL = "mongodb://localhost:27017" and Database = allsensors
90461f515b56
MongoURL = "mongodb://localhost:27017" and Database = allsensors
0dd3d30525d9
MongoURL = "mongodb://@217.72.203.152:27037/?authSource=admin" and Database = sensor_data
MongoParseError: URI contained empty userinfo section
    at new ConnectionString (/opt/app/node_modules/mongodb-connection-string-url/lib/index.js:111:27)
    at parseOptions (/opt/app/node_modules/mongodb/lib/connection_string.js:213:17)
    at new MongoClient (/opt/app/node_modules/mongodb/lib/mongo_client.js:62:63)
    at MongoClient.connect (/opt/app/node_modules/mongodb/lib/mongo_client.js:184:33)
    at Object.<anonymous> (/opt/app/app.js:163:29)
    at Module._compile (node:internal/modules/cjs/loader:1760:14)
    at Object..js (node:internal/modules/cjs/loader:1892:10)
    at Module.load (node:internal/modules/cjs/loader:1480:32)
    at Module._load (node:internal/modules/cjs/loader:1299:12)
    at TracingChannel.traceSync (node:diagnostics_channel:328:14)
0dd3d30525d9
MongoURL = "mongodb://@217.72.203.152:27037/?authSource=admin" and Database = sensor_data
MongoParseError: URI contained empty userinfo section
    at new ConnectionString (/opt/app/node_modules/mongodb-connection-string-url/lib/index.js:111:27)
    at parseOptions (/opt/app/node_modules/mongodb/lib/connection_string.js:213:17)
    at new MongoClient (/opt/app/node_modules/mongodb/lib/mongo_client.js:62:63)
    at MongoClient.connect (/opt/app/node_modules/mongodb/lib/mongo_client.js:184:33)
    at Object.<anonymous> (/opt/app/app.js:163:29)
    at Module._compile (node:internal/modules/cjs/loader:1760:14)
    at Object..js (node:internal/modules/cjs/loader:1892:10)
    at Module.load (node:internal/modules/cjs/loader:1480:32)
    at Module._load (node:internal/modules/cjs/loader:1299:12)
    at TracingChannel.traceSync (node:diagnostics_channel:328:14)
0dd3d30525d9
MongoURL = "mongodb://@217.72.203.152:27037/?authSource=admin" and Database = sensor_data
MongoParseError: URI contained empty userinfo section
    at new ConnectionString (/opt/app/node_modules/mongodb-connection-string-url/lib/index.js:111:27)
    at parseOptions (/opt/app/node_modules/mongodb/lib/connection_string.js:213:17)
    at new MongoClient (/opt/app/node_modules/mongodb/lib/mongo_client.js:62:63)
    at MongoClient.connect (/opt/app/node_modules/mongodb/lib/mongo_client.js:184:33)
    at Object.<anonymous> (/opt/app/app.js:163:29)
    at Module._compile (node:internal/modules/cjs/loader:1760:14)
    at Object..js (node:internal/modules/cjs/loader:1892:10)
    at Module.load (node:internal/modules/cjs/loader:1480:32)
    at Module._load (node:internal/modules/cjs/loader:1299:12)
    at TracingChannel.traceSync (node:diagnostics_channel:328:14)
0dd3d30525d9
MongoURL = "mongodb://@217.72.203.152:27037/?authSource=admin" and Database = sensor_data
MongoParseError: URI contained empty userinfo section
    at new ConnectionString (/opt/app/node_modules/mongodb-connection-string-url/lib/index.js:111:27)
    at parseOptions (/opt/app/node_modules/mongodb/lib/connection_string.js:213:17)
    at new MongoClient (/opt/app/node_modules/mongodb/lib/mongo_client.js:62:63)
    at MongoClient.connect (/opt/app/node_modules/mongodb/lib/mongo_client.js:184:33)
    at Object.<anonymous> (/opt/app/app.js:163:29)
    at Module._compile (node:internal/modules/cjs/loader:1760:14)
    at Object..js (node:internal/modules/cjs/loader:1892:10)
    at Module.load (node:internal/modules/cjs/loader:1480:32)
    at Module._load (node:internal/modules/cjs/loader:1299:12)
    at TracingChannel.traceSync (node:diagnostics_channel:328:14)
0dd3d30525d9
MongoURL = "mongodb://@217.72.203.152:27037/?authSource=admin" and Database = sensor_data
MongoParseError: URI contained empty userinfo section
    at new ConnectionString (/opt/app/node_modules/mongodb-connection-string-url/lib/index.js:111:27)
    at parseOptions (/opt/app/node_modules/mongodb/lib/connection_string.js:213:17)
    at new MongoClient (/opt/app/node_modules/mongodb/lib/mongo_client.js:62:63)
    at MongoClient.connect (/opt/app/node_modules/mongodb/lib/mongo_client.js:184:33)
    at Object.<anonymous> (/opt/app/app.js:163:29)
    at Module._compile (node:internal/modules/cjs/loader:1760:14)
    at Object..js (node:internal/modules/cjs/loader:1892:10)
    at Module.load (node:internal/modules/cjs/loader:1480:32)
    at Module._load (node:internal/modules/cjs/loader:1299:12)
    at TracingChannel.traceSync (node:diagnostics_channel:328:14)
0dd3d30525d9
MongoURL = "mongodb://@217.72.203.152:27037/?authSource=admin" and Database = sensor_data
MongoParseError: URI contained empty userinfo section
    at new ConnectionString (/opt/app/node_modules/mongodb-connection-string-url/lib/index.js:111:27)
    at parseOptions (/opt/app/node_modules/mongodb/lib/connection_string.js:213:17)
    at new MongoClient (/opt/app/node_modules/mongodb/lib/mongo_client.js:62:63)
    at MongoClient.connect (/opt/app/node_modules/mongodb/lib/mongo_client.js:184:33)
    at Object.<anonymous> (/opt/app/app.js:163:29)
    at Module._compile (node:internal/modules/cjs/loader:1760:14)
    at Object..js (node:internal/modules/cjs/loader:1892:10)
    at Module.load (node:internal/modules/cjs/loader:1480:32)
    at Module._load (node:internal/modules/cjs/loader:1299:12)
    at TracingChannel.traceSync (node:diagnostics_channel:328:14)
0dd3d30525d9
MongoURL = "mongodb://@217.72.203.152:27037/?authSource=admin" and Database = sensor_data
MongoParseError: URI contained empty userinfo section
    at new ConnectionString (/opt/app/node_modules/mongodb-connection-string-url/lib/index.js:111:27)
    at parseOptions (/opt/app/node_modules/mongodb/lib/connection_string.js:213:17)
    at new MongoClient (/opt/app/node_modules/mongodb/lib/mongo_client.js:62:63)
    at MongoClient.connect (/opt/app/node_modules/mongodb/lib/mongo_client.js:184:33)
    at Object.<anonymous> (/opt/app/app.js:163:29)
    at Module._compile (node:internal/modules/cjs/loader:1760:14)
    at Object..js (node:internal/modules/cjs/loader:1892:10)
    at Module.load (node:internal/modules/cjs/loader:1480:32)
    at Module._load (node:internal/modules/cjs/loader:1299:12)
    at TracingChannel.traceSync (node:diagnostics_channel:328:14)
0dd3d30525d9
MongoURL = "mongodb://@217.72.203.152:27037/?authSource=admin" and Database = sensor_data
MongoParseError: URI contained empty userinfo section
    at new ConnectionString (/opt/app/node_modules/mongodb-connection-string-url/lib/index.js:111:27)
    at parseOptions (/opt/app/node_modules/mongodb/lib/connection_string.js:213:17)
    at new MongoClient (/opt/app/node_modules/mongodb/lib/mongo_client.js:62:63)
    at MongoClient.connect (/opt/app/node_modules/mongodb/lib/mongo_client.js:184:33)
    at Object.<anonymous> (/opt/app/app.js:163:29)
    at Module._compile (node:internal/modules/cjs/loader:1760:14)
    at Object..js (node:internal/modules/cjs/loader:1892:10)
    at Module.load (node:internal/modules/cjs/loader:1480:32)
    at Module._load (node:internal/modules/cjs/loader:1299:12)
    at TracingChannel.traceSync (node:diagnostics_channel:328:14)
0dd3d30525d9
MongoURL = "mongodb://@217.72.203.152:27037/?authSource=admin" and Database = sensor_data
MongoParseError: URI contained empty userinfo section
    at new ConnectionString (/opt/app/node_modules/mongodb-connection-string-url/lib/index.js:111:27)
    at parseOptions (/opt/app/node_modules/mongodb/lib/connection_string.js:213:17)
    at new MongoClient (/opt/app/node_modules/mongodb/lib/mongo_client.js:62:63)
    at MongoClient.connect (/opt/app/node_modules/mongodb/lib/mongo_client.js:184:33)
    at Object.<anonymous> (/opt/app/app.js:163:29)
    at Module._compile (node:internal/modules/cjs/loader:1760:14)
    at Object..js (node:internal/modules/cjs/loader:1892:10)
    at Module.load (node:internal/modules/cjs/loader:1480:32)
    at Module._load (node:internal/modules/cjs/loader:1299:12)
    at TracingChannel.traceSync (node:diagnostics_channel:328:14)
0b395a1691cc
MongoURL = "mongodb://admin:mongo4noise@217.72.203.152:27037/?authSource=admin" and Database = sensor_data
2026-03-28 12:35 App listens on port 3005, Mongo at 217.72.203.152
getaktdata: now fetching data from DB
getaktdata: data fetched, length= 108
getaktdata: now fetching data from DB
getaktdata: data fetched, length= 108
getaktdata: now fetching data from DB
getaktdata: data fetched, length= 108
2026-03-28T12:36:29+01:00    /api/getaddress?sensorid=31122    unKnown
(node:18) Warning: Setting the NODE_TLS_REJECT_UNAUTHORIZED environment variable to '0' makes TLS connections and HTTPS requests insecure by disabling certificate verification.
(Use `node --trace-warnings ...` to show where the warning was created)
2026-03-28T12:36:43+01:00    /api/getaddress?sensorid=68890    unKnown
getaktdata: now fetching data from DB
getaktdata: data fetched, length= 108
getaktdata: now fetching data from DB
getaktdata: data fetched, length= 108
getaktdata: now fetching data from DB
getaktdata: data fetched, length= 108
2026-03-28T13:50:05+01:00    /api/getaddress?sensorid=57613    unKnown
2026-03-28T13:53:00+01:00    /api/getaddress?sensorid=68627    unKnown
0b4257f37974
MongoParseError: URI contained empty userinfo section
    at new ConnectionString (/opt/app/node_modules/mongodb-connection-string-url/lib/index.js:111:27)
    at parseOptions (/opt/app/node_modules/mongodb/lib/connection_string.js:213:17)
    at new MongoClient (/opt/app/node_modules/mongodb/lib/mongo_client.js:62:63)
    at MongoClient.connect (/opt/app/node_modules/mongodb/lib/mongo_client.js:184:33)
    at Object.<anonymous> (/opt/app/app.js:160:29)
    at Module._compile (node:internal/modules/cjs/loader:1829:14)
    at Object..js (node:internal/modules/cjs/loader:1969:10)
    at Module.load (node:internal/modules/cjs/loader:1552:32)
    at Module._load (node:internal/modules/cjs/loader:1354:12)
    at wrapModuleLoad (node:internal/modules/cjs/loader:255:19)
0b4257f37974
MongoParseError: URI contained empty userinfo section
    at new ConnectionString (/opt/app/node_modules/mongodb-connection-string-url/lib/index.js:111:27)
    at parseOptions (/opt/app/node_modules/mongodb/lib/connection_string.js:213:17)
    at new MongoClient (/opt/app/node_modules/mongodb/lib/mongo_client.js:62:63)
    at MongoClient.connect (/opt/app/node_modules/mongodb/lib/mongo_client.js:184:33)
    at Object.<anonymous> (/opt/app/app.js:160:29)
    at Module._compile (node:internal/modules/cjs/loader:1829:14)
    at Object..js (node:internal/modules/cjs/loader:1969:10)
    at Module.load (node:internal/modules/cjs/loader:1552:32)
    at Module._load (node:internal/modules/cjs/loader:1354:12)
    at wrapModuleLoad (node:internal/modules/cjs/loader:255:19)
0b4257f37974
MongoParseError: URI contained empty userinfo section
    at new ConnectionString (/opt/app/node_modules/mongodb-connection-string-url/lib/index.js:111:27)
    at parseOptions (/opt/app/node_modules/mongodb/lib/connection_string.js:213:17)
    at new MongoClient (/opt/app/node_modules/mongodb/lib/mongo_client.js:62:63)
    at MongoClient.connect (/opt/app/node_modules/mongodb/lib/mongo_client.js:184:33)
    at Object.<anonymous> (/opt/app/app.js:160:29)
    at Module._compile (node:internal/modules/cjs/loader:1829:14)
    at Object..js (node:internal/modules/cjs/loader:1969:10)
    at Module.load (node:internal/modules/cjs/loader:1552:32)
    at Module._load (node:internal/modules/cjs/loader:1354:12)
    at wrapModuleLoad (node:internal/modules/cjs/loader:255:19)
0b4257f37974
MongoParseError: URI contained empty userinfo section
    at new ConnectionString (/opt/app/node_modules/mongodb-connection-string-url/lib/index.js:111:27)
    at parseOptions (/opt/app/node_modules/mongodb/lib/connection_string.js:213:17)
    at new MongoClient (/opt/app/node_modules/mongodb/lib/mongo_client.js:62:63)
    at MongoClient.connect (/opt/app/node_modules/mongodb/lib/mongo_client.js:184:33)
    at Object.<anonymous> (/opt/app/app.js:160:29)
    at Module._compile (node:internal/modules/cjs/loader:1829:14)
    at Object..js (node:internal/modules/cjs/loader:1969:10)
    at Module.load (node:internal/modules/cjs/loader:1552:32)
    at Module._load (node:internal/modules/cjs/loader:1354:12)
    at wrapModuleLoad (node:internal/modules/cjs/loader:255:19)
0b4257f37974
MongoParseError: URI contained empty userinfo section
    at new ConnectionString (/opt/app/node_modules/mongodb-connection-string-url/lib/index.js:111:27)
    at parseOptions (/opt/app/node_modules/mongodb/lib/connection_string.js:213:17)
    at new MongoClient (/opt/app/node_modules/mongodb/lib/mongo_client.js:62:63)
    at MongoClient.connect (/opt/app/node_modules/mongodb/lib/mongo_client.js:184:33)
    at Object.<anonymous> (/opt/app/app.js:160:29)
    at Module._compile (node:internal/modules/cjs/loader:1829:14)
    at Object..js (node:internal/modules/cjs/loader:1969:10)
    at Module.load (node:internal/modules/cjs/loader:1552:32)
    at Module._load (node:internal/modules/cjs/loader:1354:12)
    at wrapModuleLoad (node:internal/modules/cjs/loader:255:19)
0b4257f37974
MongoParseError: URI contained empty userinfo section
    at new ConnectionString (/opt/app/node_modules/mongodb-connection-string-url/lib/index.js:111:27)
    at parseOptions (/opt/app/node_modules/mongodb/lib/connection_string.js:213:17)
    at new MongoClient (/opt/app/node_modules/mongodb/lib/mongo_client.js:62:63)
    at MongoClient.connect (/opt/app/node_modules/mongodb/lib/mongo_client.js:184:33)
    at Object.<anonymous> (/opt/app/app.js:160:29)
    at Module._compile (node:internal/modules/cjs/loader:1829:14)
    at Object..js (node:internal/modules/cjs/loader:1969:10)
    at Module.load (node:internal/modules/cjs/loader:1552:32)
    at Module._load (node:internal/modules/cjs/loader:1354:12)
    at wrapModuleLoad (node:internal/modules/cjs/loader:255:19)
ea91455ac28a
MongoURL = "mongodb://admin:mongo4noise@217.72.203.152:27037/?authSource=admin" and Database = allsensors
2026-03-28 14:06 App listens on port 3005, Mongo at 217.72.203.152
getaktdata: now fetching data from DB
getaktdata: Query filter: {"type":"radioactivity"}
getaktdata: data fetched, length= 0
4f19ae493507
MongoURL = "mongodb://admin:mongo4noise@217.72.203.152:27037/?authSource=admin" and Database = sensor_data
2026-03-28 14:09 App listens on port 3005, Mongo at 217.72.203.152
getaktdata: now fetching data from DB
getaktdata: Query filter: {"type":"radioactivity"}
getaktdata: data fetched, length= 108
97d37d72054f
MongoURL = "mongodb://admin:mongo4noise@217.72.203.152:27037/?authSource=admin" and Database = sensor_data
2026-03-28 14:12 App listens on port 3005, Mongo at 217.72.203.152
getaktdata: now fetching data from DB
getaktdata: Query filter: {"type":"radioactivity"}
getaktdata: data fetched, length= 108
2026-03-28T14:12:22+01:00    /api/getaddress?sensorid=38695    unKnown
(node:19) Warning: Setting the NODE_TLS_REJECT_UNAUTHORIZED environment variable to '0' makes TLS connections and HTTPS requests insecure by disabling certificate verification.
(Use `node --trace-warnings ...` to show where the warning was created)
Get properties for 38695 from DB
got properties - time: 20
Operating System = Macintosh
Get properties for 38695 from DB
got properties - time: 21
Operating System = Macintosh
Get properties for 38695 from DB
got properties - time: 21
getaktdata: now fetching data from DB
getaktdata: Query filter: {"type":"radioactivity"}
getaktdata: data fetched, length= 108
2026-03-28T14:20:35+01:00    /api/getaddress?sensorid=39280    unKnown
Get properties for 39280 from DB
got properties - time: 22
Operating System = Macintosh
Get properties for 39280 from DB
got properties - time: 21
Operating System = Macintosh
Get properties for 39280 from DB
got properties - time: 16
